# JRE version: OpenJDK Runtime Environment Corretto-21.0.5.11.1 (21.0.5+11) (build 21.0.5+11-LTS)
# Java VM: OpenJDK 64-Bit Server VM Corretto-21.0.5.11.1 (21.0.5+11-LTS, mixed mode, sharing, tiered, compressed oops, compressed class ptrs, g1 gc, windows-amd64)
GC Precious Log:
 CardTable entry size: 512
 Card Set container configuration: InlinePtr #cards 5 size 8 Array Of Cards #cards 12 size 40 Howl #buckets 4 coarsen threshold 1843 Howl Bitmap #cards 512 size 80 coarsen threshold 460 Card regions per heap region 1 cards per card region 2048
 CPUs: 12 total, 12 available
 Memory: 32684M
 Large Page Support: Disabled
 NUMA Support: Disabled
 Compressed Oops: Enabled (32-bit)
 Heap Region Size: 1M
 Heap Min Capacity: 8M
 Heap Initial Capacity: 512M
 Heap Max Capacity: 1G
 Pre-touch: Disabled
 Parallel Workers: 10
 Concurrent Workers: 3
 Concurrent Refinement Workers: 10
 Periodic GC: Disabled
Heap:
 garbage-first heap   total 324608K, used 103681K [0x00000000c0000000, 0x0000000100000000)
  region size 1024K, 31 young (31744K), 2 survivors (2048K)
 Metaspace       used 77339K, committed 79680K, reserved 1179648K
  class space    used 10700K, committed 11840K, reserved 1048576K
GC Heap History (20 events):
Event: 8.121 GC heap before
{Heap before GC invocations=23 (full 0):
 garbage-first heap   total 109568K, used 88233K [0x00000000c0000000, 0x0000000100000000)
  region size 1024K, 27 young (27648K), 3 survivors (3072K)
 Metaspace       used 71595K, committed 73792K, reserved 1114112K
  class space    used 9946K, committed 11072K, reserved 1048576K
}
Event: 8.122 GC heap after
{Heap after GC invocations=24 (full 0):
 garbage-first heap   total 109568K, used 64926K [0x00000000c0000000, 0x0000000100000000)
  region size 1024K, 2 young (2048K), 2 survivors (2048K)
 Metaspace       used 71595K, committed 73792K, reserved 1114112K
  class space    used 9946K, committed 11072K, reserved 1048576K
}
Event: 8.374 GC heap before
{Heap before GC invocations=25 (full 0):
 garbage-first heap   total 109568K, used 98718K [0x00000000c0000000, 0x0000000100000000)
  region size 1024K, 36 young (36864K), 2 survivors (2048K)
 Metaspace       used 71798K, committed 73984K, reserved 1114112K
  class space    used 9966K, committed 11072K, reserved 1048576K
}
Event: 8.376 GC heap after
{Heap after GC invocations=26 (full 0):
 garbage-first heap   total 109568K, used 68578K [0x00000000c0000000, 0x0000000100000000)
  region size 1024K, 5 young (5120K), 5 survivors (5120K)
 Metaspace       used 71798K, committed 73984K, reserved 1114112K
  class space    used 9966K, committed 11072K, reserved 1048576K
}
Event: 8.433 GC heap before
{Heap before GC invocations=26 (full 0):
 garbage-first heap   total 109568K, used 98274K [0x00000000c0000000, 0x0000000100000000)
  region size 1024K, 34 young (34816K), 5 survivors (5120K)
 Metaspace       used 71808K, committed 73984K, reserved 1114112K
  class space    used 9966K, committed 11072K, reserved 1048576K
}
Event: 8.435 GC heap after
{Heap after GC invocations=27 (full 0):
 garbage-first heap   total 110592K, used 72548K [0x00000000c0000000, 0x0000000100000000)
  region size 1024K, 5 young (5120K), 5 survivors (5120K)
 Metaspace       used 71808K, committed 73984K, reserved 1114112K
  class space    used 9966K, committed 11072K, reserved 1048576K
}
Event: 8.455 GC heap before
{Heap before GC invocations=27 (full 0):
 garbage-first heap   total 110592K, used 97124K [0x00000000c0000000, 0x0000000100000000)
  region size 1024K, 30 young (30720K), 5 survivors (5120K)
 Metaspace       used 71817K, committed 73984K, reserved 1114112K
  class space    used 9966K, committed 11072K, reserved 1048576K
}
Event: 8.457 GC heap after
{Heap after GC invocations=28 (full 0):
 garbage-first heap   total 110592K, used 74297K [0x00000000c0000000, 0x0000000100000000)
  region size 1024K, 3 young (3072K), 3 survivors (3072K)
 Metaspace       used 71817K, committed 73984K, reserved 1114112K
  class space    used 9966K, committed 11072K, reserved 1048576K
}
Event: 8.575 GC heap before
{Heap before GC invocations=29 (full 0):
 garbage-first heap   total 124928K, used 96825K [0x00000000c0000000, 0x0000000100000000)
  region size 1024K, 27 young (27648K), 3 survivors (3072K)
 Metaspace       used 71823K, committed 73984K, reserved 1114112K
  class space    used 9966K, committed 11072K, reserved 1048576K
}
Event: 8.577 GC heap after
{Heap after GC invocations=30 (full 0):
 garbage-first heap   total 124928K, used 74244K [0x00000000c0000000, 0x0000000100000000)
  region size 1024K, 4 young (4096K), 4 survivors (4096K)
 Metaspace       used 71823K, committed 73984K, reserved 1114112K
  class space    used 9966K, committed 11072K, reserved 1048576K
}
Event: 9.405 GC heap before
{Heap before GC invocations=30 (full 0):
 garbage-first heap   total 124928K, used 113156K [0x00000000c0000000, 0x0000000100000000)
  region size 1024K, 41 young (41984K), 4 survivors (4096K)
 Metaspace       used 72314K, committed 74560K, reserved 1114112K
  class space    used 9998K, committed 11136K, reserved 1048576K
}
Event: 10.347 GC heap after
{Heap after GC invocations=31 (full 0):
 garbage-first heap   total 324608K, used 74978K [0x00000000c0000000, 0x0000000100000000)
  region size 1024K, 6 young (6144K), 6 survivors (6144K)
 Metaspace       used 72314K, committed 74560K, reserved 1114112K
  class space    used 9998K, committed 11136K, reserved 1048576K
}
Event: 10.402 GC heap before
{Heap before GC invocations=31 (full 0):
 garbage-first heap   total 324608K, used 84194K [0x00000000c0000000, 0x0000000100000000)
  region size 1024K, 15 young (15360K), 6 survivors (6144K)
 Metaspace       used 72360K, committed 74560K, reserved 1114112K
  class space    used 10001K, committed 11136K, reserved 1048576K
}
Event: 10.404 GC heap after
{Heap after GC invocations=32 (full 0):
 garbage-first heap   total 324608K, used 72620K [0x00000000c0000000, 0x0000000100000000)
  region size 1024K, 1 young (1024K), 1 survivors (1024K)
 Metaspace       used 72360K, committed 74560K, reserved 1114112K
  class space    used 10001K, committed 11136K, reserved 1048576K
}
Event: 10.619 GC heap before
{Heap before GC invocations=32 (full 0):
 garbage-first heap   total 324608K, used 85932K [0x00000000c0000000, 0x0000000100000000)
  region size 1024K, 15 young (15360K), 1 survivors (1024K)
 Metaspace       used 73079K, committed 75328K, reserved 1114112K
  class space    used 10103K, committed 11200K, reserved 1048576K
}
Event: 10.620 GC heap after
{Heap after GC invocations=33 (full 0):
 garbage-first heap   total 324608K, used 73062K [0x00000000c0000000, 0x0000000100000000)
  region size 1024K, 2 young (2048K), 2 survivors (2048K)
 Metaspace       used 73079K, committed 75328K, reserved 1114112K
  class space    used 10103K, committed 11200K, reserved 1048576K
}
Event: 10.719 GC heap before
{Heap before GC invocations=33 (full 0):
 garbage-first heap   total 324608K, used 86374K [0x00000000c0000000, 0x0000000100000000)
  region size 1024K, 15 young (15360K), 2 survivors (2048K)
 Metaspace       used 73606K, committed 75776K, reserved 1114112K
  class space    used 10176K, committed 11264K, reserved 1048576K
}
Event: 10.720 GC heap after
{Heap after GC invocations=34 (full 0):
 garbage-first heap   total 324608K, used 74408K [0x00000000c0000000, 0x0000000100000000)
  region size 1024K, 2 young (2048K), 2 survivors (2048K)
 Metaspace       used 73606K, committed 75776K, reserved 1114112K
  class space    used 10176K, committed 11264K, reserved 1048576K
}
Event: 12.877 GC heap before
{Heap before GC invocations=34 (full 0):
 garbage-first heap   total 324608K, used 87720K [0x00000000c0000000, 0x0000000100000000)
  region size 1024K, 15 young (15360K), 2 survivors (2048K)
 Metaspace       used 74846K, committed 77184K, reserved 1179648K
  class space    used 10407K, committed 11584K, reserved 1048576K
}
Event: 12.879 GC heap after
{Heap after GC invocations=35 (full 0):
 garbage-first heap   total 324608K, used 76033K [0x00000000c0000000, 0x0000000100000000)
  region size 1024K, 2 young (2048K), 2 survivors (2048K)
 Metaspace       used 74846K, committed 77184K, reserved 1179648K
  class space    used 10407K, committed 11584K, reserved 1048576K
}

